::1 - - [12/Sep/2024:16:37:47 -0600] "GET / HTTP/1.1" 200 161
::1 - - [12/Sep/2024:16:37:47 -0600] "GET /favicon.ico HTTP/1.1" 404 196
::1 - - [12/Sep/2024:16:50:49 -0600] "GET / HTTP/1.1" 200 209
::1 - - [12/Sep/2024:16:50:49 -0600] "GET /favicon.ico HTTP/1.1" 404 196
::1 - - [12/Sep/2024:16:50:52 -0600] "GET /phpmyadmin/ HTTP/1.1" 200 987
::1 - - [12/Sep/2024:16:51:49 -0600] "-" 408 -
::1 - - [12/Sep/2024:16:52:46 -0600] "GET / HTTP/1.1" 200 86817
::1 - - [12/Sep/2024:16:53:46 -0600] "-" 408 -
::1 - - [12/Sep/2024:16:57:10 -0600] "GET / HTTP/1.1" 200 87290
::1 - - [12/Sep/2024:16:57:14 -0600] "GET /phpmyadmin/ HTTP/1.1" 200 5135
::1 - - [12/Sep/2024:16:57:17 -0600] "GET /phpmyadmin/js/vendor/codemirror/addon/hint/show-hint.css?v=4.9.11 HTTP/1.1" 200 623
::1 - - [12/Sep/2024:16:57:17 -0600] "GET /phpmyadmin/js/vendor/codemirror/lib/codemirror.css?v=4.9.11 HTTP/1.1" 200 8705
::1 - - [12/Sep/2024:16:57:17 -0600] "GET /phpmyadmin/js/vendor/codemirror/addon/lint/lint.css?v=4.9.11 HTTP/1.1" 200 2999
::1 - - [12/Sep/2024:16:57:17 -0600] "GET /phpmyadmin/js/vendor/sprintf.js?v=4.9.11 HTTP/1.1" 200 7387
::1 - - [12/Sep/2024:16:57:17 -0600] "GET /phpmyadmin/js/ajax.js?v=4.9.11 HTTP/1.1" 200 31246
::1 - - [12/Sep/2024:16:57:17 -0600] "GET /phpmyadmin/js/vendor/jquery/jquery.min.js?v=4.9.11 HTTP/1.1" 200 88145
::1 - - [12/Sep/2024:16:57:17 -0600] "GET /phpmyadmin/js/vendor/jquery/jquery-migrate.js?v=4.9.11 HTTP/1.1" 200 19092
::1 - - [12/Sep/2024:16:57:17 -0600] "GET /phpmyadmin/js/keyhandler.js?v=4.9.11 HTTP/1.1" 200 3333
::1 - - [12/Sep/2024:16:57:17 -0600] "GET /phpmyadmin/js/vendor/js.cookie.js?v=4.9.11 HTTP/1.1" 200 3883
::1 - - [12/Sep/2024:16:57:17 -0600] "GET /phpmyadmin/js/vendor/jquery/jquery.mousewheel.js?v=4.9.11 HTTP/1.1" 200 8267
::1 - - [12/Sep/2024:16:57:17 -0600] "GET /phpmyadmin/js/vendor/jquery/jquery.event.drag-2.2.js?v=4.9.11 HTTP/1.1" 200 12826
::1 - - [12/Sep/2024:16:57:17 -0600] "GET /phpmyadmin/js/vendor/jquery/jquery.validate.js?v=4.9.11 HTTP/1.1" 200 50690
::1 - - [12/Sep/2024:16:57:17 -0600] "GET /phpmyadmin/js/vendor/jquery/jquery.debounce-1.0.5.js?v=4.9.11 HTTP/1.1" 200 1169
::1 - - [12/Sep/2024:16:57:17 -0600] "GET /phpmyadmin/js/vendor/jquery/jquery-ui-timepicker-addon.js?v=4.9.11 HTTP/1.1" 200 78475
::1 - - [12/Sep/2024:16:57:17 -0600] "GET /phpmyadmin/js/cross_framing_protection.js?v=4.9.11 HTTP/1.1" 200 471
::1 - - [12/Sep/2024:16:57:17 -0600] "GET /phpmyadmin/js/menu-resizer.js?v=4.9.11 HTTP/1.1" 200 8318
::1 - - [12/Sep/2024:16:57:17 -0600] "GET /phpmyadmin/js/vendor/tracekit.js?v=4.9.11 HTTP/1.1" 200 45389
::1 - - [12/Sep/2024:16:57:17 -0600] "GET /phpmyadmin/js/vendor/jquery/jquery.ba-hashchange-1.3.js?v=4.9.11 HTTP/1.1" 200 16522
::1 - - [12/Sep/2024:16:57:17 -0600] "GET /phpmyadmin/js/rte.js?v=4.9.11 HTTP/1.1" 200 47688
::1 - - [12/Sep/2024:16:57:17 -0600] "GET /phpmyadmin/js/error_report.js?v=4.9.11 HTTP/1.1" 200 10837
::1 - - [12/Sep/2024:16:57:17 -0600] "GET /phpmyadmin/js/config.js?v=4.9.11 HTTP/1.1" 200 27526
::1 - - [12/Sep/2024:16:57:17 -0600] "GET /phpmyadmin/js/doclinks.js?v=4.9.11 HTTP/1.1" 200 20643
::1 - - [12/Sep/2024:16:57:17 -0600] "GET /phpmyadmin/js/messages.php?l=es&v=4.9.11 HTTP/1.1" 200 9949
::1 - - [12/Sep/2024:16:57:17 -0600] "GET /phpmyadmin/js/functions.js?v=4.9.11 HTTP/1.1" 200 175433
::1 - - [12/Sep/2024:16:57:18 -0600] "GET /phpmyadmin/js/indexes.js?v=4.9.11 HTTP/1.1" 200 27654
::1 - - [12/Sep/2024:16:57:18 -0600] "GET /phpmyadmin/js/navigation.js?v=4.9.11 HTTP/1.1" 200 60772
::1 - - [12/Sep/2024:16:57:17 -0600] "GET /phpmyadmin/js/vendor/jquery/jquery-ui.min.js?v=4.9.11 HTTP/1.1" 200 253681
::1 - - [12/Sep/2024:16:57:18 -0600] "GET /phpmyadmin/js/common.js?v=4.9.11 HTTP/1.1" 200 19208
::1 - - [12/Sep/2024:16:57:18 -0600] "GET /phpmyadmin/js/shortcuts_handler.js?v=4.9.11 HTTP/1.1" 200 3264
::1 - - [12/Sep/2024:16:57:18 -0600] "GET /phpmyadmin/js/page_settings.js?v=4.9.11 HTTP/1.1" 200 1749
::1 - - [12/Sep/2024:16:57:18 -0600] "GET /phpmyadmin/js/vendor/codemirror/addon/runmode/runmode.js?v=4.9.11 HTTP/1.1" 200 2500
::1 - - [12/Sep/2024:16:57:18 -0600] "GET /phpmyadmin/js/vendor/codemirror/mode/sql/sql.js?v=4.9.11 HTTP/1.1" 200 47451
::1 - - [12/Sep/2024:16:57:18 -0600] "GET /phpmyadmin/js/vendor/codemirror/addon/hint/show-hint.js?v=4.9.11 HTTP/1.1" 200 17378
::1 - - [12/Sep/2024:16:57:18 -0600] "GET /phpmyadmin/js/vendor/codemirror/addon/hint/sql-hint.js?v=4.9.11 HTTP/1.1" 200 9599
::1 - - [12/Sep/2024:16:57:18 -0600] "GET /phpmyadmin/js/vendor/codemirror/addon/lint/lint.js?v=4.9.11 HTTP/1.1" 200 8610
::1 - - [12/Sep/2024:16:57:18 -0600] "GET /phpmyadmin/js/vendor/codemirror/lib/codemirror.js?v=4.9.11 HTTP/1.1" 200 395660
::1 - - [12/Sep/2024:16:57:18 -0600] "GET /phpmyadmin/js/codemirror/addon/lint/sql-lint.js?v=4.9.11 HTTP/1.1" 200 1048
::1 - - [12/Sep/2024:16:57:18 -0600] "GET /phpmyadmin/themes/pmahomme/img/logo_right.png HTTP/1.1" 200 4306
::1 - - [12/Sep/2024:16:57:18 -0600] "GET /phpmyadmin/js/console.js?v=4.9.11 HTTP/1.1" 200 57280
::1 - - [12/Sep/2024:16:57:17 -0600] "GET /phpmyadmin/phpmyadmin.css.php?nocache=3351595005ltr&server=1 HTTP/1.1" 200 20821
::1 - - [12/Sep/2024:16:57:18 -0600] "GET /phpmyadmin/themes/pmahomme/css/printview.css?v=4.9.11 HTTP/1.1" 200 2746
::1 - - [12/Sep/2024:16:57:17 -0600] "GET /phpmyadmin/js/whitelist.php?v=4.9.11 HTTP/1.1" 200 491
::1 - - [12/Sep/2024:17:04:18 -0600] "GET / HTTP/1.1" 200 209
::1 - - [12/Sep/2024:17:04:22 -0600] "GET / HTTP/1.1" 200 209
::1 - - [12/Sep/2024:17:04:22 -0600] "GET /favicon.ico HTTP/1.1" 404 196
::1 - - [12/Sep/2024:17:04:24 -0600] "GET /phpmyadmin/ HTTP/1.1" 200 5131
::1 - - [12/Sep/2024:17:04:26 -0600] "GET /phpmyadmin/js/vendor/codemirror/addon/hint/show-hint.css?v=4.9.10 HTTP/1.1" 200 623
::1 - - [12/Sep/2024:17:04:26 -0600] "GET /phpmyadmin/js/vendor/codemirror/addon/lint/lint.css?v=4.9.10 HTTP/1.1" 200 2999
::1 - - [12/Sep/2024:17:04:26 -0600] "GET /phpmyadmin/js/vendor/codemirror/lib/codemirror.css?v=4.9.10 HTTP/1.1" 200 8705
::1 - - [12/Sep/2024:17:04:26 -0600] "GET /phpmyadmin/js/vendor/sprintf.js?v=4.9.10 HTTP/1.1" 200 7387
::1 - - [12/Sep/2024:17:04:26 -0600] "GET /phpmyadmin/js/vendor/jquery/jquery-migrate.js?v=4.9.10 HTTP/1.1" 200 19092
::1 - - [12/Sep/2024:17:04:26 -0600] "GET /phpmyadmin/js/keyhandler.js?v=4.9.10 HTTP/1.1" 200 3333
::1 - - [12/Sep/2024:17:04:26 -0600] "GET /phpmyadmin/js/ajax.js?v=4.9.10 HTTP/1.1" 200 31246
::1 - - [12/Sep/2024:17:04:26 -0600] "GET /phpmyadmin/js/vendor/js.cookie.js?v=4.9.10 HTTP/1.1" 200 3883
::1 - - [12/Sep/2024:17:04:26 -0600] "GET /phpmyadmin/js/vendor/jquery/jquery.min.js?v=4.9.10 HTTP/1.1" 200 88145
::1 - - [12/Sep/2024:17:04:26 -0600] "GET /phpmyadmin/js/vendor/jquery/jquery.mousewheel.js?v=4.9.10 HTTP/1.1" 200 8267
::1 - - [12/Sep/2024:17:04:26 -0600] "GET /phpmyadmin/js/vendor/jquery/jquery.event.drag-2.2.js?v=4.9.10 HTTP/1.1" 200 12826
::1 - - [12/Sep/2024:17:04:26 -0600] "GET /phpmyadmin/js/vendor/jquery/jquery.validate.js?v=4.9.10 HTTP/1.1" 200 50690
::1 - - [12/Sep/2024:17:04:26 -0600] "GET /phpmyadmin/js/vendor/jquery/jquery-ui-timepicker-addon.js?v=4.9.10 HTTP/1.1" 200 78475
::1 - - [12/Sep/2024:17:04:26 -0600] "GET /phpmyadmin/js/vendor/jquery/jquery.debounce-1.0.5.js?v=4.9.10 HTTP/1.1" 200 1169
::1 - - [12/Sep/2024:17:04:26 -0600] "GET /phpmyadmin/js/menu-resizer.js?v=4.9.10 HTTP/1.1" 200 8318
::1 - - [12/Sep/2024:17:04:26 -0600] "GET /phpmyadmin/js/vendor/jquery/jquery.ba-hashchange-1.3.js?v=4.9.10 HTTP/1.1" 200 16522
::1 - - [12/Sep/2024:17:04:26 -0600] "GET /phpmyadmin/js/cross_framing_protection.js?v=4.9.10 HTTP/1.1" 200 471
::1 - - [12/Sep/2024:17:04:26 -0600] "GET /phpmyadmin/js/rte.js?v=4.9.10 HTTP/1.1" 200 47688
::1 - - [12/Sep/2024:17:04:26 -0600] "GET /phpmyadmin/js/error_report.js?v=4.9.10 HTTP/1.1" 200 10837
::1 - - [12/Sep/2024:17:04:26 -0600] "GET /phpmyadmin/js/vendor/tracekit.js?v=4.9.10 HTTP/1.1" 200 45389
::1 - - [12/Sep/2024:17:04:26 -0600] "GET /phpmyadmin/js/config.js?v=4.9.10 HTTP/1.1" 200 27526
::1 - - [12/Sep/2024:17:04:26 -0600] "GET /phpmyadmin/js/doclinks.js?v=4.9.10 HTTP/1.1" 200 20643
::1 - - [12/Sep/2024:17:04:26 -0600] "GET /phpmyadmin/js/navigation.js?v=4.9.10 HTTP/1.1" 200 60772
::1 - - [12/Sep/2024:17:04:26 -0600] "GET /phpmyadmin/js/functions.js?v=4.9.10 HTTP/1.1" 200 175433
::1 - - [12/Sep/2024:17:04:26 -0600] "GET /phpmyadmin/js/indexes.js?v=4.9.10 HTTP/1.1" 200 27654
::1 - - [12/Sep/2024:17:04:26 -0600] "GET /phpmyadmin/js/common.js?v=4.9.10 HTTP/1.1" 200 19196
::1 - - [12/Sep/2024:17:04:26 -0600] "GET /phpmyadmin/js/shortcuts_handler.js?v=4.9.10 HTTP/1.1" 200 3264
::1 - - [12/Sep/2024:17:04:26 -0600] "GET /phpmyadmin/js/page_settings.js?v=4.9.10 HTTP/1.1" 200 1749
::1 - - [12/Sep/2024:17:04:26 -0600] "GET /phpmyadmin/js/vendor/jquery/jquery-ui.min.js?v=4.9.10 HTTP/1.1" 200 253681
::1 - - [12/Sep/2024:17:04:26 -0600] "GET /phpmyadmin/js/vendor/codemirror/mode/sql/sql.js?v=4.9.10 HTTP/1.1" 200 47451
::1 - - [12/Sep/2024:17:04:26 -0600] "GET /phpmyadmin/js/vendor/codemirror/addon/runmode/runmode.js?v=4.9.10 HTTP/1.1" 200 2500
::1 - - [12/Sep/2024:17:04:26 -0600] "GET /phpmyadmin/js/vendor/codemirror/addon/hint/show-hint.js?v=4.9.10 HTTP/1.1" 200 17378
::1 - - [12/Sep/2024:17:04:26 -0600] "GET /phpmyadmin/js/vendor/codemirror/addon/hint/sql-hint.js?v=4.9.10 HTTP/1.1" 200 9599
::1 - - [12/Sep/2024:17:04:26 -0600] "GET /phpmyadmin/js/codemirror/addon/lint/sql-lint.js?v=4.9.10 HTTP/1.1" 200 1048
::1 - - [12/Sep/2024:17:04:26 -0600] "GET /phpmyadmin/js/vendor/codemirror/addon/lint/lint.js?v=4.9.10 HTTP/1.1" 200 8610
::1 - - [12/Sep/2024:17:04:26 -0600] "GET /phpmyadmin/js/vendor/codemirror/lib/codemirror.js?v=4.9.10 HTTP/1.1" 200 395660
::1 - - [12/Sep/2024:17:04:26 -0600] "GET /phpmyadmin/js/console.js?v=4.9.10 HTTP/1.1" 200 57280
::1 - - [12/Sep/2024:17:04:26 -0600] "GET /phpmyadmin/js/messages.php?l=es&v=4.9.10 HTTP/1.1" 200 9945
::1 - - [12/Sep/2024:17:04:26 -0600] "GET /phpmyadmin/phpmyadmin.css.php?nocache=3289101451ltr&server=1 HTTP/1.1" 200 20821
::1 - - [12/Sep/2024:17:04:26 -0600] "GET /phpmyadmin/themes/pmahomme/css/printview.css?v=4.9.10 HTTP/1.1" 200 2746
::1 - - [12/Sep/2024:17:04:26 -0600] "GET /phpmyadmin/js/whitelist.php?v=4.9.10 HTTP/1.1" 200 491
::1 - - [12/Sep/2024:17:06:34 -0600] "GET /phpmyadmin/ HTTP/1.1" 200 269
::1 - - [12/Sep/2024:17:06:39 -0600] "GET /phpmyadmin/ HTTP/1.1" 200 269
::1 - - [12/Sep/2024:17:06:44 -0600] "GET / HTTP/1.1" 200 209
::1 - - [12/Sep/2024:17:07:34 -0600] "-" 408 -
::1 - - [12/Sep/2024:17:16:07 -0600] "GET / HTTP/1.1" 200 78020
::1 - - [12/Sep/2024:17:16:18 -0600] "GET / HTTP/1.1" 200 78020
::1 - - [12/Sep/2024:17:17:22 -0600] "-" 408 -
::1 - - [12/Sep/2024:17:17:43 -0600] "GET /phpmyadmin/ HTTP/1.1" 200 4584
::1 - - [12/Sep/2024:17:17:50 -0600] "GET /phpmyadmin/js/messages.php?l=es&v=5.2.1 HTTP/1.1" 200 8971
::1 - - [12/Sep/2024:17:17:50 -0600] "GET /phpmyadmin/favicon.ico HTTP/1.1" 200 22486
::1 - - [12/Sep/2024:17:18:00 -0600] "POST /phpmyadmin/index.php?route=/ HTTP/1.1" 302 20
::1 - - [12/Sep/2024:17:18:01 -0600] "GET /phpmyadmin/index.php?route=/&route=%2F HTTP/1.1" 200 17063
::1 - - [12/Sep/2024:17:18:03 -0600] "GET /phpmyadmin/themes/pmahomme/img/s_passwd.png HTTP/1.1" 200 331
::1 - - [12/Sep/2024:17:18:03 -0600] "GET /phpmyadmin/themes/pmahomme/img/s_attention.png HTTP/1.1" 200 567
::1 - - [12/Sep/2024:17:18:03 -0600] "POST /phpmyadmin/index.php?route=/navigation&ajax_request=1 HTTP/1.1" 200 2224
::1 - - [12/Sep/2024:17:18:03 -0600] "POST /phpmyadmin/index.php?route=/config/get HTTP/1.1" 200 1511
::1 - - [12/Sep/2024:17:18:03 -0600] "POST /phpmyadmin/index.php?route=/version-check HTTP/1.1" 200 28
::1 - - [12/Sep/2024:17:18:03 -0600] "POST /phpmyadmin/index.php?route=/config/get HTTP/1.1" 200 1603
::1 - - [12/Sep/2024:17:18:03 -0600] "POST /phpmyadmin/index.php?route=/config/set HTTP/1.1" 200 1502
::1 - - [12/Sep/2024:17:21:30 -0600] "GET / HTTP/1.1" 200 77547
::1 - - [12/Sep/2024:17:21:31 -0600] "GET /favicon.ico HTTP/1.1" 404 196
::1 - - [12/Sep/2024:17:21:42 -0600] "GET /phpmyadmin/ HTTP/1.1" 200 4585
10.10.65.49 - - [12/Sep/2024:17:24:15 -0600] "GET / HTTP/1.1" 200 75569
10.10.65.49 - - [12/Sep/2024:17:24:15 -0600] "GET /favicon.ico HTTP/1.1" 404 196
10.10.65.49 - - [12/Sep/2024:17:25:15 -0600] "-" 408 -
