[Thu Sep 12 16:37:13.295549 2024] [mpm_winnt:notice] [pid 5324:tid 348] AH00455: Apache/2.4.62 (Win64) configured -- resuming normal operations
[Thu Sep 12 16:37:13.295549 2024] [mpm_winnt:notice] [pid 5324:tid 348] AH00456: Apache Lounge VS17 Server built: Sep  4 2024 10:31:52
[Thu Sep 12 16:37:13.295549 2024] [core:notice] [pid 5324:tid 348] AH00094: Command line: 'C:\\Server\\Apache24\\bin\\httpd.exe -d C:/Server/Apache24'
[Thu Sep 12 16:37:13.311369 2024] [mpm_winnt:notice] [pid 5324:tid 348] AH00418: Parent: Created child process 12164
[Thu Sep 12 16:37:13.620181 2024] [mpm_winnt:notice] [pid 12164:tid 364] AH00354: Child: Starting 64 worker threads.
[Thu Sep 12 16:47:28.040421 2024] [mpm_winnt:notice] [pid 5324:tid 348] AH00422: Parent: Received shutdown signal -- Shutting down the server.
[Thu Sep 12 16:47:30.095180 2024] [mpm_winnt:notice] [pid 12164:tid 364] AH00364: Child: All worker threads have exited.
[Thu Sep 12 16:47:30.110901 2024] [mpm_winnt:notice] [pid 5324:tid 348] AH00430: Parent: Child process 12164 exited successfully.
PHP Warning:  PHP Startup: Unable to load dynamic library 'curl' (tried: c:/Server/Apache24/php/ext\\curl (No se puede encontrar el m\xc3\xb3dulo especificado), c:/Server/Apache24/php/ext\\php_curl.dll (No se puede encontrar el m\xc3\xb3dulo especificado)) in Unknown on line 0
PHP Warning:  PHP Startup: Unable to load dynamic library 'intl' (tried: c:/Server/Apache24/php/ext\\intl (No se puede encontrar el m\xc3\xb3dulo especificado), c:/Server/Apache24/php/ext\\php_intl.dll (No se puede encontrar el m\xc3\xb3dulo especificado)) in Unknown on line 0
PHP Warning:  PHP Startup: Unable to load dynamic library 'sodium' (tried: c:/Server/Apache24/php/ext\\sodium (No se puede encontrar el m\xc3\xb3dulo especificado), c:/Server/Apache24/php/ext\\php_sodium.dll (No se puede encontrar el m\xc3\xb3dulo especificado)) in Unknown on line 0
[Thu Sep 12 16:48:04.600738 2024] [mpm_winnt:notice] [pid 2868:tid 348] AH00455: Apache/2.4.62 (Win64) PHP/8.3.11 configured -- resuming normal operations
[Thu Sep 12 16:48:04.600738 2024] [mpm_winnt:notice] [pid 2868:tid 348] AH00456: Apache Lounge VS17 Server built: Sep  4 2024 10:31:52
[Thu Sep 12 16:48:04.600738 2024] [core:notice] [pid 2868:tid 348] AH00094: Command line: 'C:\\Server\\Apache24\\bin\\httpd.exe -d C:/Server/Apache24'
[Thu Sep 12 16:48:04.610741 2024] [mpm_winnt:notice] [pid 2868:tid 348] AH00418: Parent: Created child process 10352
PHP Warning:  PHP Startup: Unable to load dynamic library 'curl' (tried: c:/Server/Apache24/php/ext\\curl (No se puede encontrar el m\xc3\xb3dulo especificado), c:/Server/Apache24/php/ext\\php_curl.dll (No se puede encontrar el m\xc3\xb3dulo especificado)) in Unknown on line 0
PHP Warning:  PHP Startup: Unable to load dynamic library 'intl' (tried: c:/Server/Apache24/php/ext\\intl (No se puede encontrar el m\xc3\xb3dulo especificado), c:/Server/Apache24/php/ext\\php_intl.dll (No se puede encontrar el m\xc3\xb3dulo especificado)) in Unknown on line 0
PHP Warning:  PHP Startup: Unable to load dynamic library 'sodium' (tried: c:/Server/Apache24/php/ext\\sodium (No se puede encontrar el m\xc3\xb3dulo especificado), c:/Server/Apache24/php/ext\\php_sodium.dll (No se puede encontrar el m\xc3\xb3dulo especificado)) in Unknown on line 0
[Thu Sep 12 16:48:04.947399 2024] [mpm_winnt:notice] [pid 10352:tid 408] AH00354: Child: Starting 64 worker threads.
VirtualProtect() failed [87] El parámetro no es correcto
VirtualProtect() failed [87] El parámetro no es correcto
VirtualProtect() failed [87] El parámetro no es correcto
VirtualProtect() failed [87] El parámetro no es correcto
VirtualProtect() failed [87] El parámetro no es correcto
VirtualProtect() failed [87] El parámetro no es correcto
VirtualProtect() failed [87] El parámetro no es correcto
VirtualProtect() failed [87] El parámetro no es correcto
VirtualProtect() failed [87] El parámetro no es correcto
VirtualProtect() failed [87] El parámetro no es correcto
VirtualProtect() failed [87] El parámetro no es correcto
VirtualProtect() failed [87] El parámetro no es correcto
VirtualProtect() failed [87] El parámetro no es correcto
VirtualProtect() failed [87] El parámetro no es correcto
VirtualProtect() failed [87] El parámetro no es correcto
VirtualProtect() failed [87] El parámetro no es correcto
[Thu Sep 12 16:50:52.222370 2024] [php:warn] [pid 10352:tid 1220] [client ::1:50305] PHP Warning:  require(C:\\Server\\www\\phpmyadmin\\vendor\\composer/../symfony/polyfill-php80/bootstrap.php): Failed to open stream: No such file or directory in C:\\Server\\www\\phpmyadmin\\vendor\\composer\\autoload_real.php on line 78, referer: http://localhost/
[Thu Sep 12 16:50:52.222370 2024] [php:error] [pid 10352:tid 1220] [client ::1:50305] PHP Fatal error:  Uncaught Error: Failed opening required 'C:\\Server\\www\\phpmyadmin\\vendor\\composer/../symfony/polyfill-php80/bootstrap.php' (include_path='.;C:\\php\\pear') in C:\\Server\\www\\phpmyadmin\\vendor\\composer\\autoload_real.php:78\nStack trace:\n#0 C:\\Server\\www\\phpmyadmin\\vendor\\composer\\autoload_real.php(61): composerRequire5a360facea79a6ba3440ba7eaed9051a('a4a119a56e50fbb...', 'C:\\\\Server\\\\www\\\\p...')\n#1 C:\\Server\\www\\phpmyadmin\\vendor\\autoload.php(7): ComposerAutoloaderInit5a360facea79a6ba3440ba7eaed9051a::getLoader()\n#2 C:\\Server\\www\\phpmyadmin\\index.php(36): require('C:\\\\Server\\\\www\\\\p...')\n#3 {main}\n  thrown in C:\\Server\\www\\phpmyadmin\\vendor\\composer\\autoload_real.php on line 78, referer: http://localhost/
VirtualProtect() failed [87] El parámetro no es correcto
VirtualProtect() failed [87] El parámetro no es correcto
VirtualProtect() failed [87] El parámetro no es correcto
VirtualProtect() failed [87] El parámetro no es correcto
VirtualProtect() failed [87] El parámetro no es correcto
VirtualProtect() failed [87] El parámetro no es correcto
VirtualProtect() failed [87] El parámetro no es correcto
VirtualProtect() failed [87] El parámetro no es correcto
VirtualProtect() failed [87] El parámetro no es correcto
VirtualProtect() failed [87] El parámetro no es correcto
VirtualProtect() failed [87] El parámetro no es correcto
VirtualProtect() failed [87] El parámetro no es correcto
VirtualProtect() failed [87] El parámetro no es correcto
VirtualProtect() failed [87] El parámetro no es correcto
VirtualProtect() failed [87] El parámetro no es correcto
VirtualProtect() failed [87] El parámetro no es correcto
VirtualProtect() failed [87] El parámetro no es correcto
VirtualProtect() failed [87] El parámetro no es correcto
VirtualProtect() failed [87] El parámetro no es correcto
VirtualProtect() failed [87] El parámetro no es correcto
VirtualProtect() failed [87] El parámetro no es correcto
VirtualProtect() failed [87] El parámetro no es correcto
VirtualProtect() failed [87] El parámetro no es correcto
VirtualProtect() failed [87] El parámetro no es correcto
VirtualProtect() failed [87] El parámetro no es correcto
VirtualProtect() failed [87] El parámetro no es correcto
VirtualProtect() failed [87] El parámetro no es correcto
VirtualProtect() failed [87] El parámetro no es correcto
VirtualProtect() failed [87] El parámetro no es correcto
VirtualProtect() failed [87] El parámetro no es correcto
VirtualProtect() failed [87] El parámetro no es correcto
VirtualProtect() failed [87] El parámetro no es correcto
[Thu Sep 12 16:57:15.076540 2024] [php:notice] [pid 10352:tid 1220] [client ::1:50391] PHP Deprecated:  Using ${var} in strings is deprecated, use {$var} instead in C:\\Server\\www\\phpmyadmin\\vendor\\phpmyadmin\\motranslator\\src\\Loader.php on line 116
[Thu Sep 12 16:57:15.076540 2024] [php:notice] [pid 10352:tid 1220] [client ::1:50391] PHP Deprecated:  Using ${var} in strings is deprecated, use {$var} instead in C:\\Server\\www\\phpmyadmin\\vendor\\phpmyadmin\\motranslator\\src\\Loader.php on line 118
[Thu Sep 12 16:57:15.076540 2024] [php:notice] [pid 10352:tid 1220] [client ::1:50391] PHP Deprecated:  Using ${var} in strings is deprecated, use {$var} instead in C:\\Server\\www\\phpmyadmin\\vendor\\phpmyadmin\\motranslator\\src\\Loader.php on line 120
[Thu Sep 12 16:57:15.076540 2024] [php:notice] [pid 10352:tid 1220] [client ::1:50391] PHP Deprecated:  Using ${var} in strings is deprecated, use {$var} instead in C:\\Server\\www\\phpmyadmin\\vendor\\phpmyadmin\\motranslator\\src\\Loader.php on line 126
[Thu Sep 12 16:57:15.076540 2024] [php:notice] [pid 10352:tid 1220] [client ::1:50391] PHP Deprecated:  Using ${var} in strings is deprecated, use {$var} instead in C:\\Server\\www\\phpmyadmin\\vendor\\phpmyadmin\\motranslator\\src\\Loader.php on line 128
[Thu Sep 12 16:57:15.076540 2024] [php:notice] [pid 10352:tid 1220] [client ::1:50391] PHP Deprecated:  Using ${var} in strings is deprecated, use {$var} instead in C:\\Server\\www\\phpmyadmin\\vendor\\phpmyadmin\\motranslator\\src\\Loader.php on line 130
VirtualProtect() failed [87] El parámetro no es correcto
VirtualProtect() failed [87] El parámetro no es correcto
VirtualProtect() failed [87] El parámetro no es correcto
VirtualProtect() failed [87] El parámetro no es correcto
VirtualProtect() failed [87] El parámetro no es correcto
VirtualProtect() failed [87] El parámetro no es correcto
VirtualProtect() failed [87] El parámetro no es correcto
VirtualProtect() failed [87] El parámetro no es correcto
VirtualProtect() failed [87] El parámetro no es correcto
VirtualProtect() failed [87] El parámetro no es correcto
VirtualProtect() failed [87] El parámetro no es correcto
VirtualProtect() failed [87] El parámetro no es correcto
VirtualProtect() failed [87] El parámetro no es correcto
VirtualProtect() failed [87] El parámetro no es correcto
VirtualProtect() failed [87] El parámetro no es correcto
VirtualProtect() failed [87] El parámetro no es correcto
VirtualProtect() failed [87] El parámetro no es correcto
VirtualProtect() failed [87] El parámetro no es correcto
VirtualProtect() failed [87] El parámetro no es correcto
VirtualProtect() failed [87] El parámetro no es correcto
VirtualProtect() failed [87] El parámetro no es correcto
VirtualProtect() failed [87] El parámetro no es correcto
VirtualProtect() failed [87] El parámetro no es correcto
VirtualProtect() failed [87] El parámetro no es correcto
VirtualProtect() failed [87] El parámetro no es correcto
VirtualProtect() failed [87] El parámetro no es correcto
VirtualProtect() failed [87] El parámetro no es correcto
VirtualProtect() failed [87] El parámetro no es correcto
VirtualProtect() failed [87] El parámetro no es correcto
VirtualProtect() failed [87] El parámetro no es correcto
VirtualProtect() failed [87] El parámetro no es correcto
VirtualProtect() failed [87] El parámetro no es correcto
VirtualProtect() failed [87] El parámetro no es correcto
VirtualProtect() failed [87] El parámetro no es correcto
VirtualProtect() failed [87] El parámetro no es correcto
VirtualProtect() failed [87] El parámetro no es correcto
VirtualProtect() failed [87] El parámetro no es correcto
VirtualProtect() failed [87] El parámetro no es correcto
VirtualProtect() failed [87] El parámetro no es correcto
VirtualProtect() failed [87] El parámetro no es correcto
VirtualProtect() failed [87] El parámetro no es correcto
VirtualProtect() failed [87] El parámetro no es correcto
VirtualProtect() failed [87] El parámetro no es correcto
VirtualProtect() failed [87] El parámetro no es correcto
VirtualProtect() failed [87] El parámetro no es correcto
VirtualProtect() failed [87] El parámetro no es correcto
VirtualProtect() failed [87] El parámetro no es correcto
VirtualProtect() failed [87] El parámetro no es correcto
VirtualProtect() failed [87] El parámetro no es correcto
VirtualProtect() failed [87] El parámetro no es correcto
VirtualProtect() failed [87] El parámetro no es correcto
VirtualProtect() failed [87] El parámetro no es correcto
VirtualProtect() failed [87] El parámetro no es correcto
VirtualProtect() failed [87] El parámetro no es correcto
VirtualProtect() failed [87] El parámetro no es correcto
VirtualProtect() failed [87] El parámetro no es correcto
VirtualProtect() failed [87] El parámetro no es correcto
VirtualProtect() failed [87] El parámetro no es correcto
VirtualProtect() failed [87] El parámetro no es correcto
VirtualProtect() failed [87] El parámetro no es correcto
VirtualProtect() failed [87] El parámetro no es correcto
VirtualProtect() failed [87] El parámetro no es correcto
VirtualProtect() failed [87] El parámetro no es correcto
VirtualProtect() failed [87] El parámetro no es correcto
VirtualProtect() failed [87] El parámetro no es correcto
VirtualProtect() failed [87] El parámetro no es correcto
VirtualProtect() failed [87] El parámetro no es correcto
VirtualProtect() failed [87] El parámetro no es correcto
VirtualProtect() failed [87] El parámetro no es correcto
VirtualProtect() failed [87] El parámetro no es correcto
VirtualProtect() failed [87] El parámetro no es correcto
VirtualProtect() failed [87] El parámetro no es correcto
VirtualProtect() failed [87] El parámetro no es correcto
VirtualProtect() failed [87] El parámetro no es correcto
VirtualProtect() failed [87] El parámetro no es correcto
VirtualProtect() failed [87] El parámetro no es correcto
VirtualProtect() failed [87] El parámetro no es correcto
VirtualProtect() failed [87] El parámetro no es correcto
VirtualProtect() failed [87] El parámetro no es correcto
VirtualProtect() failed [87] El parámetro no es correcto
VirtualProtect() failed [87] El parámetro no es correcto
VirtualProtect() failed [87] El parámetro no es correcto
VirtualProtect() failed [87] El parámetro no es correcto
VirtualProtect() failed [87] El parámetro no es correcto
VirtualProtect() failed [87] El parámetro no es correcto
VirtualProtect() failed [87] El parámetro no es correcto
VirtualProtect() failed [87] El parámetro no es correcto
VirtualProtect() failed [87] El parámetro no es correcto
VirtualProtect() failed [87] El parámetro no es correcto
VirtualProtect() failed [87] El parámetro no es correcto
VirtualProtect() failed [87] El parámetro no es correcto
VirtualProtect() failed [87] El parámetro no es correcto
VirtualProtect() failed [87] El parámetro no es correcto
VirtualProtect() failed [87] El parámetro no es correcto
VirtualProtect() failed [87] El parámetro no es correcto
VirtualProtect() failed [87] El parámetro no es correcto
VirtualProtect() failed [87] El parámetro no es correcto
VirtualProtect() failed [87] El parámetro no es correcto
VirtualProtect() failed [87] El parámetro no es correcto
VirtualProtect() failed [87] El parámetro no es correcto
VirtualProtect() failed [87] El parámetro no es correcto
VirtualProtect() failed [87] El parámetro no es correcto
VirtualProtect() failed [87] El parámetro no es correcto
VirtualProtect() failed [87] El parámetro no es correcto
VirtualProtect() failed [87] El parámetro no es correcto
VirtualProtect() failed [87] El parámetro no es correcto
VirtualProtect() failed [87] El parámetro no es correcto
VirtualProtect() failed [87] El parámetro no es correcto
VirtualProtect() failed [87] El parámetro no es correcto
VirtualProtect() failed [87] El parámetro no es correcto
VirtualProtect() failed [87] El parámetro no es correcto
VirtualProtect() failed [87] El parámetro no es correcto
VirtualProtect() failed [87] El parámetro no es correcto
VirtualProtect() failed [87] El parámetro no es correcto
VirtualProtect() failed [87] El parámetro no es correcto
VirtualProtect() failed [87] El parámetro no es correcto
VirtualProtect() failed [87] El parámetro no es correcto
VirtualProtect() failed [87] El parámetro no es correcto
VirtualProtect() failed [87] El parámetro no es correcto
VirtualProtect() failed [87] El parámetro no es correcto
VirtualProtect() failed [87] El parámetro no es correcto
VirtualProtect() failed [87] El parámetro no es correcto
VirtualProtect() failed [87] El parámetro no es correcto
VirtualProtect() failed [87] El parámetro no es correcto
VirtualProtect() failed [87] El parámetro no es correcto
VirtualProtect() failed [87] El parámetro no es correcto
VirtualProtect() failed [87] El parámetro no es correcto
VirtualProtect() failed [87] El parámetro no es correcto
VirtualProtect() failed [87] El parámetro no es correcto
VirtualProtect() failed [87] El parámetro no es correcto
VirtualProtect() failed [87] El parámetro no es correcto
VirtualProtect() failed [87] El parámetro no es correcto
VirtualProtect() failed [87] El parámetro no es correcto
VirtualProtect() failed [87] El parámetro no es correcto
VirtualProtect() failed [87] El parámetro no es correcto
VirtualProtect() failed [87] El parámetro no es correcto
VirtualProtect() failed [87] El parámetro no es correcto
VirtualProtect() failed [87] El parámetro no es correcto
VirtualProtect() failed [87] El parámetro no es correcto
VirtualProtect() failed [87] El parámetro no es correcto
VirtualProtect() failed [87] El parámetro no es correcto
VirtualProtect() failed [87] El parámetro no es correcto
VirtualProtect() failed [87] El parámetro no es correcto
VirtualProtect() failed [87] El parámetro no es correcto
VirtualProtect() failed [87] El parámetro no es correcto
VirtualProtect() failed [87] El parámetro no es correcto
VirtualProtect() failed [87] El parámetro no es correcto
VirtualProtect() failed [87] El parámetro no es correcto
VirtualProtect() failed [87] El parámetro no es correcto
VirtualProtect() failed [87] El parámetro no es correcto
VirtualProtect() failed [87] El parámetro no es correcto
VirtualProtect() failed [87] El parámetro no es correcto
VirtualProtect() failed [87] El parámetro no es correcto
VirtualProtect() failed [87] El parámetro no es correcto
VirtualProtect() failed [87] El parámetro no es correcto
VirtualProtect() failed [87] El parámetro no es correcto
VirtualProtect() failed [87] El parámetro no es correcto
VirtualProtect() failed [87] El parámetro no es correcto
VirtualProtect() failed [87] El parámetro no es correcto
VirtualProtect() failed [87] El parámetro no es correcto
VirtualProtect() failed [87] El parámetro no es correcto
VirtualProtect() failed [87] El parámetro no es correcto
VirtualProtect() failed [87] El parámetro no es correcto
VirtualProtect() failed [87] El parámetro no es correcto
VirtualProtect() failed [87] El parámetro no es correcto
VirtualProtect() failed [87] El parámetro no es correcto
VirtualProtect() failed [87] El parámetro no es correcto
VirtualProtect() failed [87] El parámetro no es correcto
VirtualProtect() failed [87] El parámetro no es correcto
VirtualProtect() failed [87] El parámetro no es correcto
VirtualProtect() failed [87] El parámetro no es correcto
VirtualProtect() failed [87] El parámetro no es correcto
VirtualProtect() failed [87] El parámetro no es correcto
VirtualProtect() failed [87] El parámetro no es correcto
VirtualProtect() failed [87] El parámetro no es correcto
VirtualProtect() failed [87] El parámetro no es correcto
VirtualProtect() failed [87] El parámetro no es correcto
VirtualProtect() failed [87] El parámetro no es correcto
VirtualProtect() failed [87] El parámetro no es correcto
VirtualProtect() failed [87] El parámetro no es correcto
VirtualProtect() failed [87] El parámetro no es correcto
VirtualProtect() failed [87] El parámetro no es correcto
VirtualProtect() failed [87] El parámetro no es correcto
VirtualProtect() failed [87] El parámetro no es correcto
VirtualProtect() failed [87] El parámetro no es correcto
VirtualProtect() failed [87] El parámetro no es correcto
VirtualProtect() failed [87] El parámetro no es correcto
VirtualProtect() failed [87] El parámetro no es correcto
VirtualProtect() failed [87] El parámetro no es correcto
VirtualProtect() failed [87] El parámetro no es correcto
VirtualProtect() failed [87] El parámetro no es correcto
VirtualProtect() failed [87] El parámetro no es correcto
VirtualProtect() failed [87] El parámetro no es correcto
VirtualProtect() failed [87] El parámetro no es correcto
VirtualProtect() failed [87] El parámetro no es correcto
VirtualProtect() failed [87] El parámetro no es correcto
VirtualProtect() failed [87] El parámetro no es correcto
VirtualProtect() failed [87] El parámetro no es correcto
VirtualProtect() failed [87] El parámetro no es correcto
VirtualProtect() failed [87] El parámetro no es correcto
VirtualProtect() failed [87] El parámetro no es correcto
VirtualProtect() failed [87] El parámetro no es correcto
VirtualProtect() failed [87] El parámetro no es correcto
VirtualProtect() failed [87] El parámetro no es correcto
VirtualProtect() failed [87] El parámetro no es correcto
VirtualProtect() failed [87] El parámetro no es correcto
VirtualProtect() failed [87] El parámetro no es correcto
VirtualProtect() failed [87] El parámetro no es correcto
VirtualProtect() failed [87] El parámetro no es correcto
VirtualProtect() failed [87] El parámetro no es correcto
VirtualProtect() failed [87] El parámetro no es correcto
VirtualProtect() failed [87] El parámetro no es correcto
VirtualProtect() failed [87] El parámetro no es correcto
VirtualProtect() failed [87] El parámetro no es correcto
VirtualProtect() failed [87] El parámetro no es correcto
VirtualProtect() failed [87] El parámetro no es correcto
VirtualProtect() failed [87] El parámetro no es correcto
VirtualProtect() failed [87] El parámetro no es correcto
VirtualProtect() failed [87] El parámetro no es correcto
VirtualProtect() failed [87] El parámetro no es correcto
VirtualProtect() failed [87] El parámetro no es correcto
VirtualProtect() failed [87] El parámetro no es correcto
VirtualProtect() failed [87] El parámetro no es correcto
VirtualProtect() failed [87] El parámetro no es correcto
VirtualProtect() failed [87] El parámetro no es correcto
VirtualProtect() failed [87] El parámetro no es correcto
VirtualProtect() failed [87] El parámetro no es correcto
VirtualProtect() failed [87] El parámetro no es correcto
VirtualProtect() failed [87] El parámetro no es correcto
VirtualProtect() failed [87] El parámetro no es correcto
VirtualProtect() failed [87] El parámetro no es correcto
VirtualProtect() failed [87] El parámetro no es correcto
VirtualProtect() failed [87] El parámetro no es correcto
VirtualProtect() failed [87] El parámetro no es correcto
VirtualProtect() failed [87] El parámetro no es correcto
VirtualProtect() failed [87] El parámetro no es correcto
VirtualProtect() failed [87] El parámetro no es correcto
VirtualProtect() failed [87] El parámetro no es correcto
VirtualProtect() failed [87] El parámetro no es correcto
VirtualProtect() failed [87] El parámetro no es correcto
VirtualProtect() failed [87] El parámetro no es correcto
VirtualProtect() failed [87] El parámetro no es correcto
VirtualProtect() failed [87] El parámetro no es correcto
VirtualProtect() failed [87] El parámetro no es correcto
VirtualProtect() failed [87] El parámetro no es correcto
VirtualProtect() failed [87] El parámetro no es correcto
VirtualProtect() failed [87] El parámetro no es correcto
VirtualProtect() failed [87] El parámetro no es correcto
VirtualProtect() failed [87] El parámetro no es correcto
VirtualProtect() failed [87] El parámetro no es correcto
VirtualProtect() failed [87] El parámetro no es correcto
VirtualProtect() failed [87] El parámetro no es correcto
VirtualProtect() failed [87] El parámetro no es correcto
VirtualProtect() failed [87] El parámetro no es correcto
VirtualProtect() failed [87] El parámetro no es correcto
VirtualProtect() failed [87] El parámetro no es correcto
VirtualProtect() failed [87] El parámetro no es correcto
VirtualProtect() failed [87] El parámetro no es correcto
VirtualProtect() failed [87] El parámetro no es correcto
VirtualProtect() failed [87] El parámetro no es correcto
VirtualProtect() failed [87] El parámetro no es correcto
VirtualProtect() failed [87] El parámetro no es correcto
VirtualProtect() failed [87] El parámetro no es correcto
VirtualProtect() failed [87] El parámetro no es correcto
VirtualProtect() failed [87] El parámetro no es correcto
VirtualProtect() failed [87] El parámetro no es correcto
VirtualProtect() failed [87] El parámetro no es correcto
VirtualProtect() failed [87] El parámetro no es correcto
VirtualProtect() failed [87] El parámetro no es correcto
VirtualProtect() failed [87] El parámetro no es correcto
VirtualProtect() failed [87] El parámetro no es correcto
VirtualProtect() failed [87] El parámetro no es correcto
VirtualProtect() failed [87] El parámetro no es correcto
VirtualProtect() failed [87] El parámetro no es correcto
VirtualProtect() failed [87] El parámetro no es correcto
VirtualProtect() failed [87] El parámetro no es correcto
VirtualProtect() failed [87] El parámetro no es correcto
VirtualProtect() failed [87] El parámetro no es correcto
VirtualProtect() failed [87] El parámetro no es correcto
VirtualProtect() failed [87] El parámetro no es correcto
VirtualProtect() failed [87] El parámetro no es correcto
VirtualProtect() failed [87] El parámetro no es correcto
VirtualProtect() failed [87] El parámetro no es correcto
VirtualProtect() failed [87] El parámetro no es correcto
VirtualProtect() failed [87] El parámetro no es correcto
VirtualProtect() failed [87] El parámetro no es correcto
VirtualProtect() failed [87] El parámetro no es correcto
VirtualProtect() failed [87] El parámetro no es correcto
VirtualProtect() failed [87] El parámetro no es correcto
VirtualProtect() failed [87] El parámetro no es correcto
VirtualProtect() failed [87] El parámetro no es correcto
VirtualProtect() failed [87] El parámetro no es correcto
VirtualProtect() failed [87] El parámetro no es correcto
VirtualProtect() failed [87] El parámetro no es correcto
VirtualProtect() failed [87] El parámetro no es correcto
VirtualProtect() failed [87] El parámetro no es correcto
VirtualProtect() failed [87] El parámetro no es correcto
VirtualProtect() failed [87] El parámetro no es correcto
VirtualProtect() failed [87] El parámetro no es correcto
VirtualProtect() failed [87] El parámetro no es correcto
VirtualProtect() failed [87] El parámetro no es correcto
VirtualProtect() failed [87] El parámetro no es correcto
VirtualProtect() failed [87] El parámetro no es correcto
VirtualProtect() failed [87] El parámetro no es correcto
VirtualProtect() failed [87] El parámetro no es correcto
VirtualProtect() failed [87] El parámetro no es correcto
VirtualProtect() failed [87] El parámetro no es correcto
VirtualProtect() failed [87] El parámetro no es correcto
VirtualProtect() failed [87] El parámetro no es correcto
VirtualProtect() failed [87] El parámetro no es correcto
VirtualProtect() failed [87] El parámetro no es correcto
VirtualProtect() failed [87] El parámetro no es correcto
VirtualProtect() failed [87] El parámetro no es correcto
VirtualProtect() failed [87] El parámetro no es correcto
VirtualProtect() failed [87] El parámetro no es correcto
VirtualProtect() failed [87] El parámetro no es correcto
VirtualProtect() failed [87] El parámetro no es correcto
VirtualProtect() failed [87] El parámetro no es correcto
VirtualProtect() failed [87] El parámetro no es correcto
VirtualProtect() failed [87] El parámetro no es correcto
VirtualProtect() failed [87] El parámetro no es correcto
VirtualProtect() failed [87] El parámetro no es correcto
VirtualProtect() failed [87] El parámetro no es correcto
VirtualProtect() failed [87] El parámetro no es correcto
VirtualProtect() failed [87] El parámetro no es correcto
VirtualProtect() failed [87] El parámetro no es correcto
VirtualProtect() failed [87] El parámetro no es correcto
VirtualProtect() failed [87] El parámetro no es correcto
VirtualProtect() failed [87] El parámetro no es correcto
VirtualProtect() failed [87] El parámetro no es correcto
VirtualProtect() failed [87] El parámetro no es correcto
VirtualProtect() failed [87] El parámetro no es correcto
VirtualProtect() failed [87] El parámetro no es correcto
VirtualProtect() failed [87] El parámetro no es correcto
VirtualProtect() failed [87] El parámetro no es correcto
VirtualProtect() failed [87] El parámetro no es correcto
VirtualProtect() failed [87] El parámetro no es correcto
VirtualProtect() failed [87] El parámetro no es correcto
[Thu Sep 12 17:04:25.025023 2024] [php:notice] [pid 10352:tid 1184] [client ::1:50508] PHP Deprecated:  Using ${var} in strings is deprecated, use {$var} instead in C:\\Server\\www\\phpmyadmin\\vendor\\phpmyadmin\\motranslator\\src\\Loader.php on line 116, referer: http://localhost/
[Thu Sep 12 17:04:25.025023 2024] [php:notice] [pid 10352:tid 1184] [client ::1:50508] PHP Deprecated:  Using ${var} in strings is deprecated, use {$var} instead in C:\\Server\\www\\phpmyadmin\\vendor\\phpmyadmin\\motranslator\\src\\Loader.php on line 118, referer: http://localhost/
[Thu Sep 12 17:04:25.025023 2024] [php:notice] [pid 10352:tid 1184] [client ::1:50508] PHP Deprecated:  Using ${var} in strings is deprecated, use {$var} instead in C:\\Server\\www\\phpmyadmin\\vendor\\phpmyadmin\\motranslator\\src\\Loader.php on line 120, referer: http://localhost/
[Thu Sep 12 17:04:25.025023 2024] [php:notice] [pid 10352:tid 1184] [client ::1:50508] PHP Deprecated:  Using ${var} in strings is deprecated, use {$var} instead in C:\\Server\\www\\phpmyadmin\\vendor\\phpmyadmin\\motranslator\\src\\Loader.php on line 126, referer: http://localhost/
[Thu Sep 12 17:04:25.025023 2024] [php:notice] [pid 10352:tid 1184] [client ::1:50508] PHP Deprecated:  Using ${var} in strings is deprecated, use {$var} instead in C:\\Server\\www\\phpmyadmin\\vendor\\phpmyadmin\\motranslator\\src\\Loader.php on line 128, referer: http://localhost/
[Thu Sep 12 17:04:25.025023 2024] [php:notice] [pid 10352:tid 1184] [client ::1:50508] PHP Deprecated:  Using ${var} in strings is deprecated, use {$var} instead in C:\\Server\\www\\phpmyadmin\\vendor\\phpmyadmin\\motranslator\\src\\Loader.php on line 130, referer: http://localhost/
VirtualProtect() failed [87] El parámetro no es correcto
VirtualProtect() failed [87] El parámetro no es correcto
VirtualProtect() failed [87] El parámetro no es correcto
VirtualProtect() failed [87] El parámetro no es correcto
VirtualProtect() failed [87] El parámetro no es correcto
VirtualProtect() failed [87] El parámetro no es correcto
VirtualProtect() failed [87] El parámetro no es correcto
VirtualProtect() failed [87] El parámetro no es correcto
VirtualProtect() failed [87] El parámetro no es correcto
VirtualProtect() failed [87] El parámetro no es correcto
VirtualProtect() failed [87] El parámetro no es correcto
VirtualProtect() failed [87] El parámetro no es correcto
VirtualProtect() failed [87] El parámetro no es correcto
VirtualProtect() failed [87] El parámetro no es correcto
VirtualProtect() failed [87] El parámetro no es correcto
VirtualProtect() failed [87] El parámetro no es correcto
VirtualProtect() failed [87] El parámetro no es correcto
VirtualProtect() failed [87] El parámetro no es correcto
VirtualProtect() failed [87] El parámetro no es correcto
VirtualProtect() failed [87] El parámetro no es correcto
VirtualProtect() failed [87] El parámetro no es correcto
VirtualProtect() failed [87] El parámetro no es correcto
VirtualProtect() failed [87] El parámetro no es correcto
VirtualProtect() failed [87] El parámetro no es correcto
VirtualProtect() failed [87] El parámetro no es correcto
VirtualProtect() failed [87] El parámetro no es correcto
VirtualProtect() failed [87] El parámetro no es correcto
VirtualProtect() failed [87] El parámetro no es correcto
VirtualProtect() failed [87] El parámetro no es correcto
VirtualProtect() failed [87] El parámetro no es correcto
VirtualProtect() failed [87] El parámetro no es correcto
VirtualProtect() failed [87] El parámetro no es correcto
VirtualProtect() failed [87] El parámetro no es correcto
VirtualProtect() failed [87] El parámetro no es correcto
VirtualProtect() failed [87] El parámetro no es correcto
VirtualProtect() failed [87] El parámetro no es correcto
VirtualProtect() failed [87] El parámetro no es correcto
VirtualProtect() failed [87] El parámetro no es correcto
VirtualProtect() failed [87] El parámetro no es correcto
VirtualProtect() failed [87] El parámetro no es correcto
VirtualProtect() failed [87] El parámetro no es correcto
VirtualProtect() failed [87] El parámetro no es correcto
VirtualProtect() failed [87] El parámetro no es correcto
VirtualProtect() failed [87] El parámetro no es correcto
VirtualProtect() failed [87] El parámetro no es correcto
VirtualProtect() failed [87] El parámetro no es correcto
VirtualProtect() failed [87] El parámetro no es correcto
VirtualProtect() failed [87] El parámetro no es correcto
VirtualProtect() failed [87] El parámetro no es correcto
VirtualProtect() failed [87] El parámetro no es correcto
VirtualProtect() failed [87] El parámetro no es correcto
VirtualProtect() failed [87] El parámetro no es correcto
VirtualProtect() failed [87] El parámetro no es correcto
VirtualProtect() failed [87] El parámetro no es correcto
VirtualProtect() failed [87] El parámetro no es correcto
VirtualProtect() failed [87] El parámetro no es correcto
VirtualProtect() failed [87] El parámetro no es correcto
VirtualProtect() failed [87] El parámetro no es correcto
VirtualProtect() failed [87] El parámetro no es correcto
VirtualProtect() failed [87] El parámetro no es correcto
VirtualProtect() failed [87] El parámetro no es correcto
VirtualProtect() failed [87] El parámetro no es correcto
VirtualProtect() failed [87] El parámetro no es correcto
VirtualProtect() failed [87] El parámetro no es correcto
VirtualProtect() failed [87] El parámetro no es correcto
VirtualProtect() failed [87] El parámetro no es correcto
VirtualProtect() failed [87] El parámetro no es correcto
VirtualProtect() failed [87] El parámetro no es correcto
VirtualProtect() failed [87] El parámetro no es correcto
VirtualProtect() failed [87] El parámetro no es correcto
VirtualProtect() failed [87] El parámetro no es correcto
VirtualProtect() failed [87] El parámetro no es correcto
VirtualProtect() failed [87] El parámetro no es correcto
VirtualProtect() failed [87] El parámetro no es correcto
VirtualProtect() failed [87] El parámetro no es correcto
VirtualProtect() failed [87] El parámetro no es correcto
VirtualProtect() failed [87] El parámetro no es correcto
VirtualProtect() failed [87] El parámetro no es correcto
VirtualProtect() failed [87] El parámetro no es correcto
VirtualProtect() failed [87] El parámetro no es correcto
VirtualProtect() failed [87] El parámetro no es correcto
VirtualProtect() failed [87] El parámetro no es correcto
VirtualProtect() failed [87] El parámetro no es correcto
VirtualProtect() failed [87] El parámetro no es correcto
VirtualProtect() failed [87] El parámetro no es correcto
VirtualProtect() failed [87] El parámetro no es correcto
VirtualProtect() failed [87] El parámetro no es correcto
VirtualProtect() failed [87] El parámetro no es correcto
VirtualProtect() failed [87] El parámetro no es correcto
VirtualProtect() failed [87] El parámetro no es correcto
VirtualProtect() failed [87] El parámetro no es correcto
VirtualProtect() failed [87] El parámetro no es correcto
VirtualProtect() failed [87] El parámetro no es correcto
VirtualProtect() failed [87] El parámetro no es correcto
VirtualProtect() failed [87] El parámetro no es correcto
VirtualProtect() failed [87] El parámetro no es correcto
VirtualProtect() failed [87] El parámetro no es correcto
VirtualProtect() failed [87] El parámetro no es correcto
VirtualProtect() failed [87] El parámetro no es correcto
VirtualProtect() failed [87] El parámetro no es correcto
VirtualProtect() failed [87] El parámetro no es correcto
VirtualProtect() failed [87] El parámetro no es correcto
VirtualProtect() failed [87] El parámetro no es correcto
VirtualProtect() failed [87] El parámetro no es correcto
VirtualProtect() failed [87] El parámetro no es correcto
VirtualProtect() failed [87] El parámetro no es correcto
VirtualProtect() failed [87] El parámetro no es correcto
VirtualProtect() failed [87] El parámetro no es correcto
VirtualProtect() failed [87] El parámetro no es correcto
VirtualProtect() failed [87] El parámetro no es correcto
VirtualProtect() failed [87] El parámetro no es correcto
VirtualProtect() failed [87] El parámetro no es correcto
VirtualProtect() failed [87] El parámetro no es correcto
VirtualProtect() failed [87] El parámetro no es correcto
VirtualProtect() failed [87] El parámetro no es correcto
VirtualProtect() failed [87] El parámetro no es correcto
VirtualProtect() failed [87] El parámetro no es correcto
VirtualProtect() failed [87] El parámetro no es correcto
VirtualProtect() failed [87] El parámetro no es correcto
VirtualProtect() failed [87] El parámetro no es correcto
VirtualProtect() failed [87] El parámetro no es correcto
VirtualProtect() failed [87] El parámetro no es correcto
VirtualProtect() failed [87] El parámetro no es correcto
VirtualProtect() failed [87] El parámetro no es correcto
VirtualProtect() failed [87] El parámetro no es correcto
VirtualProtect() failed [87] El parámetro no es correcto
VirtualProtect() failed [87] El parámetro no es correcto
VirtualProtect() failed [87] El parámetro no es correcto
VirtualProtect() failed [87] El parámetro no es correcto
VirtualProtect() failed [87] El parámetro no es correcto
VirtualProtect() failed [87] El parámetro no es correcto
VirtualProtect() failed [87] El parámetro no es correcto
VirtualProtect() failed [87] El parámetro no es correcto
VirtualProtect() failed [87] El parámetro no es correcto
VirtualProtect() failed [87] El parámetro no es correcto
VirtualProtect() failed [87] El parámetro no es correcto
VirtualProtect() failed [87] El parámetro no es correcto
VirtualProtect() failed [87] El parámetro no es correcto
VirtualProtect() failed [87] El parámetro no es correcto
VirtualProtect() failed [87] El parámetro no es correcto
VirtualProtect() failed [87] El parámetro no es correcto
VirtualProtect() failed [87] El parámetro no es correcto
VirtualProtect() failed [87] El parámetro no es correcto
VirtualProtect() failed [87] El parámetro no es correcto
VirtualProtect() failed [87] El parámetro no es correcto
VirtualProtect() failed [87] El parámetro no es correcto
VirtualProtect() failed [87] El parámetro no es correcto
VirtualProtect() failed [87] El parámetro no es correcto
VirtualProtect() failed [87] El parámetro no es correcto
VirtualProtect() failed [87] El parámetro no es correcto
VirtualProtect() failed [87] El parámetro no es correcto
VirtualProtect() failed [87] El parámetro no es correcto
VirtualProtect() failed [87] El parámetro no es correcto
VirtualProtect() failed [87] El parámetro no es correcto
VirtualProtect() failed [87] El parámetro no es correcto
VirtualProtect() failed [87] El parámetro no es correcto
VirtualProtect() failed [87] El parámetro no es correcto
VirtualProtect() failed [87] El parámetro no es correcto
VirtualProtect() failed [87] El parámetro no es correcto
VirtualProtect() failed [87] El parámetro no es correcto
VirtualProtect() failed [87] El parámetro no es correcto
VirtualProtect() failed [87] El parámetro no es correcto
VirtualProtect() failed [87] El parámetro no es correcto
VirtualProtect() failed [87] El parámetro no es correcto
VirtualProtect() failed [87] El parámetro no es correcto
VirtualProtect() failed [87] El parámetro no es correcto
VirtualProtect() failed [87] El parámetro no es correcto
VirtualProtect() failed [87] El parámetro no es correcto
VirtualProtect() failed [87] El parámetro no es correcto
VirtualProtect() failed [87] El parámetro no es correcto
VirtualProtect() failed [87] El parámetro no es correcto
VirtualProtect() failed [87] El parámetro no es correcto
VirtualProtect() failed [87] El parámetro no es correcto
VirtualProtect() failed [87] El parámetro no es correcto
VirtualProtect() failed [87] El parámetro no es correcto
VirtualProtect() failed [87] El parámetro no es correcto
VirtualProtect() failed [87] El parámetro no es correcto
VirtualProtect() failed [87] El parámetro no es correcto
VirtualProtect() failed [87] El parámetro no es correcto
VirtualProtect() failed [87] El parámetro no es correcto
VirtualProtect() failed [87] El parámetro no es correcto
VirtualProtect() failed [87] El parámetro no es correcto
VirtualProtect() failed [87] El parámetro no es correcto
VirtualProtect() failed [87] El parámetro no es correcto
VirtualProtect() failed [87] El parámetro no es correcto
VirtualProtect() failed [87] El parámetro no es correcto
VirtualProtect() failed [87] El parámetro no es correcto
VirtualProtect() failed [87] El parámetro no es correcto
VirtualProtect() failed [87] El parámetro no es correcto
VirtualProtect() failed [87] El parámetro no es correcto
VirtualProtect() failed [87] El parámetro no es correcto
VirtualProtect() failed [87] El parámetro no es correcto
VirtualProtect() failed [87] El parámetro no es correcto
VirtualProtect() failed [87] El parámetro no es correcto
VirtualProtect() failed [87] El parámetro no es correcto
VirtualProtect() failed [87] El parámetro no es correcto
VirtualProtect() failed [87] El parámetro no es correcto
VirtualProtect() failed [87] El parámetro no es correcto
VirtualProtect() failed [87] El parámetro no es correcto
VirtualProtect() failed [87] El parámetro no es correcto
VirtualProtect() failed [87] El parámetro no es correcto
VirtualProtect() failed [87] El parámetro no es correcto
VirtualProtect() failed [87] El parámetro no es correcto
VirtualProtect() failed [87] El parámetro no es correcto
VirtualProtect() failed [87] El parámetro no es correcto
VirtualProtect() failed [87] El parámetro no es correcto
VirtualProtect() failed [87] El parámetro no es correcto
VirtualProtect() failed [87] El parámetro no es correcto
VirtualProtect() failed [87] El parámetro no es correcto
VirtualProtect() failed [87] El parámetro no es correcto
VirtualProtect() failed [87] El parámetro no es correcto
VirtualProtect() failed [87] El parámetro no es correcto
VirtualProtect() failed [87] El parámetro no es correcto
VirtualProtect() failed [87] El parámetro no es correcto
VirtualProtect() failed [87] El parámetro no es correcto
VirtualProtect() failed [87] El parámetro no es correcto
VirtualProtect() failed [87] El parámetro no es correcto
VirtualProtect() failed [87] El parámetro no es correcto
VirtualProtect() failed [87] El parámetro no es correcto
VirtualProtect() failed [87] El parámetro no es correcto
VirtualProtect() failed [87] El parámetro no es correcto
VirtualProtect() failed [87] El parámetro no es correcto
VirtualProtect() failed [87] El parámetro no es correcto
VirtualProtect() failed [87] El parámetro no es correcto
VirtualProtect() failed [87] El parámetro no es correcto
VirtualProtect() failed [87] El parámetro no es correcto
VirtualProtect() failed [87] El parámetro no es correcto
VirtualProtect() failed [87] El parámetro no es correcto
VirtualProtect() failed [87] El parámetro no es correcto
VirtualProtect() failed [87] El parámetro no es correcto
VirtualProtect() failed [87] El parámetro no es correcto
VirtualProtect() failed [87] El parámetro no es correcto
VirtualProtect() failed [87] El parámetro no es correcto
VirtualProtect() failed [87] El parámetro no es correcto
VirtualProtect() failed [87] El parámetro no es correcto
VirtualProtect() failed [87] El parámetro no es correcto
VirtualProtect() failed [87] El parámetro no es correcto
VirtualProtect() failed [87] El parámetro no es correcto
VirtualProtect() failed [87] El parámetro no es correcto
VirtualProtect() failed [87] El parámetro no es correcto
VirtualProtect() failed [87] El parámetro no es correcto
VirtualProtect() failed [87] El parámetro no es correcto
VirtualProtect() failed [87] El parámetro no es correcto
VirtualProtect() failed [87] El parámetro no es correcto
VirtualProtect() failed [87] El parámetro no es correcto
VirtualProtect() failed [87] El parámetro no es correcto
VirtualProtect() failed [87] El parámetro no es correcto
VirtualProtect() failed [87] El parámetro no es correcto
VirtualProtect() failed [87] El parámetro no es correcto
VirtualProtect() failed [87] El parámetro no es correcto
VirtualProtect() failed [87] El parámetro no es correcto
VirtualProtect() failed [87] El parámetro no es correcto
VirtualProtect() failed [87] El parámetro no es correcto
VirtualProtect() failed [87] El parámetro no es correcto
VirtualProtect() failed [87] El parámetro no es correcto
VirtualProtect() failed [87] El parámetro no es correcto
VirtualProtect() failed [87] El parámetro no es correcto
VirtualProtect() failed [87] El parámetro no es correcto
VirtualProtect() failed [87] El parámetro no es correcto
VirtualProtect() failed [87] El parámetro no es correcto
VirtualProtect() failed [87] El parámetro no es correcto
VirtualProtect() failed [87] El parámetro no es correcto
VirtualProtect() failed [87] El parámetro no es correcto
VirtualProtect() failed [87] El parámetro no es correcto
VirtualProtect() failed [87] El parámetro no es correcto
VirtualProtect() failed [87] El parámetro no es correcto
VirtualProtect() failed [87] El parámetro no es correcto
VirtualProtect() failed [87] El parámetro no es correcto
VirtualProtect() failed [87] El parámetro no es correcto
VirtualProtect() failed [87] El parámetro no es correcto
VirtualProtect() failed [87] El parámetro no es correcto
VirtualProtect() failed [87] El parámetro no es correcto
VirtualProtect() failed [87] El parámetro no es correcto
VirtualProtect() failed [87] El parámetro no es correcto
VirtualProtect() failed [87] El parámetro no es correcto
VirtualProtect() failed [87] El parámetro no es correcto
VirtualProtect() failed [87] El parámetro no es correcto
VirtualProtect() failed [87] El parámetro no es correcto
VirtualProtect() failed [87] El parámetro no es correcto
VirtualProtect() failed [87] El parámetro no es correcto
VirtualProtect() failed [87] El parámetro no es correcto
VirtualProtect() failed [87] El parámetro no es correcto
VirtualProtect() failed [87] El parámetro no es correcto
VirtualProtect() failed [87] El parámetro no es correcto
VirtualProtect() failed [87] El parámetro no es correcto
VirtualProtect() failed [87] El parámetro no es correcto
VirtualProtect() failed [87] El parámetro no es correcto
VirtualProtect() failed [87] El parámetro no es correcto
VirtualProtect() failed [87] El parámetro no es correcto
VirtualProtect() failed [87] El parámetro no es correcto
VirtualProtect() failed [87] El parámetro no es correcto
VirtualProtect() failed [87] El parámetro no es correcto
VirtualProtect() failed [87] El parámetro no es correcto
VirtualProtect() failed [87] El parámetro no es correcto
VirtualProtect() failed [87] El parámetro no es correcto
VirtualProtect() failed [87] El parámetro no es correcto
VirtualProtect() failed [87] El parámetro no es correcto
VirtualProtect() failed [87] El parámetro no es correcto
VirtualProtect() failed [87] El parámetro no es correcto
VirtualProtect() failed [87] El parámetro no es correcto
VirtualProtect() failed [87] El parámetro no es correcto
VirtualProtect() failed [87] El parámetro no es correcto
VirtualProtect() failed [87] El parámetro no es correcto
VirtualProtect() failed [87] El parámetro no es correcto
VirtualProtect() failed [87] El parámetro no es correcto
VirtualProtect() failed [87] El parámetro no es correcto
VirtualProtect() failed [87] El parámetro no es correcto
VirtualProtect() failed [87] El parámetro no es correcto
VirtualProtect() failed [87] El parámetro no es correcto
VirtualProtect() failed [87] El parámetro no es correcto
VirtualProtect() failed [87] El parámetro no es correcto
VirtualProtect() failed [87] El parámetro no es correcto
VirtualProtect() failed [87] El parámetro no es correcto
VirtualProtect() failed [87] El parámetro no es correcto
VirtualProtect() failed [87] El parámetro no es correcto
VirtualProtect() failed [87] El parámetro no es correcto
VirtualProtect() failed [87] El parámetro no es correcto
VirtualProtect() failed [87] El parámetro no es correcto
VirtualProtect() failed [87] El parámetro no es correcto
VirtualProtect() failed [87] El parámetro no es correcto
VirtualProtect() failed [87] El parámetro no es correcto
VirtualProtect() failed [87] El parámetro no es correcto
VirtualProtect() failed [87] El parámetro no es correcto
VirtualProtect() failed [87] El parámetro no es correcto
VirtualProtect() failed [87] El parámetro no es correcto
VirtualProtect() failed [87] El parámetro no es correcto
VirtualProtect() failed [87] El parámetro no es correcto
VirtualProtect() failed [87] El parámetro no es correcto
VirtualProtect() failed [87] El parámetro no es correcto
VirtualProtect() failed [87] El parámetro no es correcto
VirtualProtect() failed [87] El parámetro no es correcto
VirtualProtect() failed [87] El parámetro no es correcto
VirtualProtect() failed [87] El parámetro no es correcto
VirtualProtect() failed [87] El parámetro no es correcto
[Thu Sep 12 17:06:34.491205 2024] [php:notice] [pid 10352:tid 1176] [client ::1:50544] PHP Deprecated:  Using ${var} in strings is deprecated, use {$var} instead in C:\\Server\\www\\phpmyadmin\\vendor\\phpmyadmin\\motranslator\\src\\Loader.php on line 116
[Thu Sep 12 17:06:34.491205 2024] [php:notice] [pid 10352:tid 1176] [client ::1:50544] PHP Deprecated:  Using ${var} in strings is deprecated, use {$var} instead in C:\\Server\\www\\phpmyadmin\\vendor\\phpmyadmin\\motranslator\\src\\Loader.php on line 118
[Thu Sep 12 17:06:34.491205 2024] [php:notice] [pid 10352:tid 1176] [client ::1:50544] PHP Deprecated:  Using ${var} in strings is deprecated, use {$var} instead in C:\\Server\\www\\phpmyadmin\\vendor\\phpmyadmin\\motranslator\\src\\Loader.php on line 120
[Thu Sep 12 17:06:34.491205 2024] [php:notice] [pid 10352:tid 1176] [client ::1:50544] PHP Deprecated:  Using ${var} in strings is deprecated, use {$var} instead in C:\\Server\\www\\phpmyadmin\\vendor\\phpmyadmin\\motranslator\\src\\Loader.php on line 126
[Thu Sep 12 17:06:34.491205 2024] [php:notice] [pid 10352:tid 1176] [client ::1:50544] PHP Deprecated:  Using ${var} in strings is deprecated, use {$var} instead in C:\\Server\\www\\phpmyadmin\\vendor\\phpmyadmin\\motranslator\\src\\Loader.php on line 128
[Thu Sep 12 17:06:34.491205 2024] [php:notice] [pid 10352:tid 1176] [client ::1:50544] PHP Deprecated:  Using ${var} in strings is deprecated, use {$var} instead in C:\\Server\\www\\phpmyadmin\\vendor\\phpmyadmin\\motranslator\\src\\Loader.php on line 130
VirtualProtect() failed [87] El parámetro no es correcto
VirtualProtect() failed [87] El parámetro no es correcto
VirtualProtect() failed [87] El parámetro no es correcto
VirtualProtect() failed [87] El parámetro no es correcto
VirtualProtect() failed [87] El parámetro no es correcto
VirtualProtect() failed [87] El parámetro no es correcto
VirtualProtect() failed [87] El parámetro no es correcto
VirtualProtect() failed [87] El parámetro no es correcto
VirtualProtect() failed [87] El parámetro no es correcto
VirtualProtect() failed [87] El parámetro no es correcto
VirtualProtect() failed [87] El parámetro no es correcto
VirtualProtect() failed [87] El parámetro no es correcto
VirtualProtect() failed [87] El parámetro no es correcto
VirtualProtect() failed [87] El parámetro no es correcto
VirtualProtect() failed [87] El parámetro no es correcto
VirtualProtect() failed [87] El parámetro no es correcto
VirtualProtect() failed [87] El parámetro no es correcto
VirtualProtect() failed [87] El parámetro no es correcto
VirtualProtect() failed [87] El parámetro no es correcto
VirtualProtect() failed [87] El parámetro no es correcto
VirtualProtect() failed [87] El parámetro no es correcto
VirtualProtect() failed [87] El parámetro no es correcto
VirtualProtect() failed [87] El parámetro no es correcto
VirtualProtect() failed [87] El parámetro no es correcto
VirtualProtect() failed [87] El parámetro no es correcto
VirtualProtect() failed [87] El parámetro no es correcto
VirtualProtect() failed [87] El parámetro no es correcto
VirtualProtect() failed [87] El parámetro no es correcto
VirtualProtect() failed [87] El parámetro no es correcto
VirtualProtect() failed [87] El parámetro no es correcto
VirtualProtect() failed [87] El parámetro no es correcto
VirtualProtect() failed [87] El parámetro no es correcto
VirtualProtect() failed [87] El parámetro no es correcto
VirtualProtect() failed [87] El parámetro no es correcto
VirtualProtect() failed [87] El parámetro no es correcto
VirtualProtect() failed [87] El parámetro no es correcto
VirtualProtect() failed [87] El parámetro no es correcto
VirtualProtect() failed [87] El parámetro no es correcto
VirtualProtect() failed [87] El parámetro no es correcto
VirtualProtect() failed [87] El parámetro no es correcto
VirtualProtect() failed [87] El parámetro no es correcto
VirtualProtect() failed [87] El parámetro no es correcto
VirtualProtect() failed [87] El parámetro no es correcto
VirtualProtect() failed [87] El parámetro no es correcto
VirtualProtect() failed [87] El parámetro no es correcto
VirtualProtect() failed [87] El parámetro no es correcto
VirtualProtect() failed [87] El parámetro no es correcto
VirtualProtect() failed [87] El parámetro no es correcto
VirtualProtect() failed [87] El parámetro no es correcto
VirtualProtect() failed [87] El parámetro no es correcto
VirtualProtect() failed [87] El parámetro no es correcto
VirtualProtect() failed [87] El parámetro no es correcto
VirtualProtect() failed [87] El parámetro no es correcto
VirtualProtect() failed [87] El parámetro no es correcto
VirtualProtect() failed [87] El parámetro no es correcto
VirtualProtect() failed [87] El parámetro no es correcto
VirtualProtect() failed [87] El parámetro no es correcto
VirtualProtect() failed [87] El parámetro no es correcto
VirtualProtect() failed [87] El parámetro no es correcto
VirtualProtect() failed [87] El parámetro no es correcto
VirtualProtect() failed [87] El parámetro no es correcto
VirtualProtect() failed [87] El parámetro no es correcto
VirtualProtect() failed [87] El parámetro no es correcto
VirtualProtect() failed [87] El parámetro no es correcto
VirtualProtect() failed [87] El parámetro no es correcto
VirtualProtect() failed [87] El parámetro no es correcto
VirtualProtect() failed [87] El parámetro no es correcto
VirtualProtect() failed [87] El parámetro no es correcto
VirtualProtect() failed [87] El parámetro no es correcto
VirtualProtect() failed [87] El parámetro no es correcto
VirtualProtect() failed [87] El parámetro no es correcto
VirtualProtect() failed [87] El parámetro no es correcto
VirtualProtect() failed [87] El parámetro no es correcto
VirtualProtect() failed [87] El parámetro no es correcto
[Thu Sep 12 17:06:35.142751 2024] [php:error] [pid 10352:tid 1176] [client ::1:50544] PHP Fatal error:  Array and string offset access syntax with curly braces is no longer supported in C:\\Server\\www\\phpmyadmin\\libraries\\classes\\Url.php on line 251
VirtualProtect() failed [87] El parámetro no es correcto
VirtualProtect() failed [87] El parámetro no es correcto
[Thu Sep 12 17:06:35.163135 2024] [php:error] [pid 10352:tid 1176] [client ::1:50544] PHP Fatal error:  Uncaught Error: Call to a member function getDisplay() on null in C:\\Server\\www\\phpmyadmin\\libraries\\classes\\Response.php:266\nStack trace:\n#0 C:\\Server\\www\\phpmyadmin\\libraries\\classes\\Response.php(279): PhpMyAdmin\\Response->_getDisplay()\n#1 C:\\Server\\www\\phpmyadmin\\libraries\\classes\\Response.php(438): PhpMyAdmin\\Response->_htmlResponse()\n#2 [internal function]: PhpMyAdmin\\Response->response()\n#3 {main}\n  thrown in C:\\Server\\www\\phpmyadmin\\libraries\\classes\\Response.php on line 266
[Thu Sep 12 17:06:39.665689 2024] [php:error] [pid 10352:tid 1176] [client ::1:50544] PHP Fatal error:  Array and string offset access syntax with curly braces is no longer supported in C:\\Server\\www\\phpmyadmin\\libraries\\classes\\Url.php on line 251
[Thu Sep 12 17:06:39.666716 2024] [php:error] [pid 10352:tid 1176] [client ::1:50544] PHP Fatal error:  Uncaught Error: Call to a member function getDisplay() on null in C:\\Server\\www\\phpmyadmin\\libraries\\classes\\Response.php:266\nStack trace:\n#0 C:\\Server\\www\\phpmyadmin\\libraries\\classes\\Response.php(279): PhpMyAdmin\\Response->_getDisplay()\n#1 C:\\Server\\www\\phpmyadmin\\libraries\\classes\\Response.php(438): PhpMyAdmin\\Response->_htmlResponse()\n#2 [internal function]: PhpMyAdmin\\Response->response()\n#3 {main}\n  thrown in C:\\Server\\www\\phpmyadmin\\libraries\\classes\\Response.php on line 266
[Thu Sep 12 17:15:10.761033 2024] [mpm_winnt:notice] [pid 2868:tid 348] AH00422: Parent: Received shutdown signal -- Shutting down the server.
[Thu Sep 12 17:15:12.774258 2024] [mpm_winnt:notice] [pid 10352:tid 408] AH00364: Child: All worker threads have exited.
[Thu Sep 12 17:15:12.805888 2024] [mpm_winnt:notice] [pid 2868:tid 348] AH00430: Parent: Child process 10352 exited successfully.
PHP Warning:  PHP Startup: Unable to load dynamic library 'curl' (tried: c:/Server/Apache24/php/ext\\curl (No se puede encontrar el m\xc3\xb3dulo especificado.), c:/Server/Apache24/php/ext\\php_curl.dll (No se puede encontrar el m\xc3\xb3dulo especificado.)) in Unknown on line 0
PHP Warning:  PHP Startup: Unable to load dynamic library 'intl' (tried: c:/Server/Apache24/php/ext\\intl (No se puede encontrar el m\xc3\xb3dulo especificado.), c:/Server/Apache24/php/ext\\php_intl.dll (No se puede encontrar el m\xc3\xb3dulo especificado.)) in Unknown on line 0
PHP Warning:  PHP Startup: Unable to load dynamic library 'openssl' (tried: c:/Server/Apache24/php/ext\\openssl (No se puede encontrar el m\xc3\xb3dulo especificado.), c:/Server/Apache24/php/ext\\php_openssl.dll (No se puede encontrar el m\xc3\xb3dulo especificado.)) in Unknown on line 0
PHP Warning:  PHP Startup: Unable to load dynamic library 'sodium' (tried: c:/Server/Apache24/php/ext\\sodium (No se puede encontrar el m\xc3\xb3dulo especificado.), c:/Server/Apache24/php/ext\\php_sodium.dll (No se puede encontrar el m\xc3\xb3dulo especificado.)) in Unknown on line 0
[Thu Sep 12 17:15:59.117914 2024] [mpm_winnt:notice] [pid 1484:tid 388] AH00455: Apache/2.4.62 (Win64) PHP/7.4.9 configured -- resuming normal operations
[Thu Sep 12 17:15:59.117914 2024] [mpm_winnt:notice] [pid 1484:tid 388] AH00456: Apache Lounge VS17 Server built: Sep  4 2024 10:31:52
[Thu Sep 12 17:15:59.117914 2024] [core:notice] [pid 1484:tid 388] AH00094: Command line: 'C:\\Server\\Apache24\\bin\\httpd.exe -d C:/Server/Apache24'
[Thu Sep 12 17:15:59.117914 2024] [mpm_winnt:notice] [pid 1484:tid 388] AH00418: Parent: Created child process 1520
PHP Warning:  PHP Startup: Unable to load dynamic library 'curl' (tried: c:/Server/Apache24/php/ext\\curl (No se puede encontrar el m\xc3\xb3dulo especificado.), c:/Server/Apache24/php/ext\\php_curl.dll (No se puede encontrar el m\xc3\xb3dulo especificado.)) in Unknown on line 0
PHP Warning:  PHP Startup: Unable to load dynamic library 'intl' (tried: c:/Server/Apache24/php/ext\\intl (No se puede encontrar el m\xc3\xb3dulo especificado.), c:/Server/Apache24/php/ext\\php_intl.dll (No se puede encontrar el m\xc3\xb3dulo especificado.)) in Unknown on line 0
PHP Warning:  PHP Startup: Unable to load dynamic library 'openssl' (tried: c:/Server/Apache24/php/ext\\openssl (No se puede encontrar el m\xc3\xb3dulo especificado.), c:/Server/Apache24/php/ext\\php_openssl.dll (No se puede encontrar el m\xc3\xb3dulo especificado.)) in Unknown on line 0
PHP Warning:  PHP Startup: Unable to load dynamic library 'sodium' (tried: c:/Server/Apache24/php/ext\\sodium (No se puede encontrar el m\xc3\xb3dulo especificado.), c:/Server/Apache24/php/ext\\php_sodium.dll (No se puede encontrar el m\xc3\xb3dulo especificado.)) in Unknown on line 0
[Thu Sep 12 17:15:59.417735 2024] [mpm_winnt:notice] [pid 1520:tid 364] AH00354: Child: Starting 64 worker threads.
[Thu Sep 12 17:19:15.257776 2024] [mpm_winnt:notice] [pid 1484:tid 388] AH00422: Parent: Received shutdown signal -- Shutting down the server.
[Thu Sep 12 17:19:17.288535 2024] [mpm_winnt:notice] [pid 1520:tid 364] AH00364: Child: All worker threads have exited.
[Thu Sep 12 17:19:20.119361 2024] [mpm_winnt:notice] [pid 1484:tid 388] AH00430: Parent: Child process 1520 exited successfully.
PHP Warning:  PHP Startup: Unable to load dynamic library 'curl' (tried: c:/Server/Apache24/php/ext\\curl (No se puede encontrar el m\xc3\xb3dulo especificado.), c:/Server/Apache24/php/ext\\php_curl.dll (No se puede encontrar el m\xc3\xb3dulo especificado.)) in Unknown on line 0
PHP Warning:  PHP Startup: Unable to load dynamic library 'intl' (tried: c:/Server/Apache24/php/ext\\intl (No se puede encontrar el m\xc3\xb3dulo especificado.), c:/Server/Apache24/php/ext\\php_intl.dll (No se puede encontrar el m\xc3\xb3dulo especificado.)) in Unknown on line 0
PHP Warning:  PHP Startup: Unable to load dynamic library 'openssl' (tried: c:/Server/Apache24/php/ext\\openssl (No se puede encontrar el m\xc3\xb3dulo especificado.), c:/Server/Apache24/php/ext\\php_openssl.dll (No se puede encontrar el m\xc3\xb3dulo especificado.)) in Unknown on line 0
PHP Warning:  PHP Startup: Unable to load dynamic library 'sodium' (tried: c:/Server/Apache24/php/ext\\sodium (No se puede encontrar el m\xc3\xb3dulo especificado.), c:/Server/Apache24/php/ext\\php_sodium.dll (No se puede encontrar el m\xc3\xb3dulo especificado.)) in Unknown on line 0
[Thu Sep 12 17:20:18.269524 2024] [mpm_winnt:notice] [pid 3516:tid 384] AH00455: Apache/2.4.62 (Win64) PHP/7.4.9 configured -- resuming normal operations
[Thu Sep 12 17:20:18.269524 2024] [mpm_winnt:notice] [pid 3516:tid 384] AH00456: Apache Lounge VS17 Server built: Sep  4 2024 10:31:52
[Thu Sep 12 17:20:18.269524 2024] [core:notice] [pid 3516:tid 384] AH00094: Command line: 'C:\\Server\\Apache24\\bin\\httpd.exe -d C:/Server/Apache24'
[Thu Sep 12 17:20:18.269524 2024] [mpm_winnt:notice] [pid 3516:tid 384] AH00418: Parent: Created child process 5520
PHP Warning:  PHP Startup: Unable to load dynamic library 'curl' (tried: c:/Server/Apache24/php/ext\\curl (No se puede encontrar el m\xc3\xb3dulo especificado.), c:/Server/Apache24/php/ext\\php_curl.dll (No se puede encontrar el m\xc3\xb3dulo especificado.)) in Unknown on line 0
PHP Warning:  PHP Startup: Unable to load dynamic library 'intl' (tried: c:/Server/Apache24/php/ext\\intl (No se puede encontrar el m\xc3\xb3dulo especificado.), c:/Server/Apache24/php/ext\\php_intl.dll (No se puede encontrar el m\xc3\xb3dulo especificado.)) in Unknown on line 0
PHP Warning:  PHP Startup: Unable to load dynamic library 'openssl' (tried: c:/Server/Apache24/php/ext\\openssl (No se puede encontrar el m\xc3\xb3dulo especificado.), c:/Server/Apache24/php/ext\\php_openssl.dll (No se puede encontrar el m\xc3\xb3dulo especificado.)) in Unknown on line 0
PHP Warning:  PHP Startup: Unable to load dynamic library 'sodium' (tried: c:/Server/Apache24/php/ext\\sodium (No se puede encontrar el m\xc3\xb3dulo especificado.), c:/Server/Apache24/php/ext\\php_sodium.dll (No se puede encontrar el m\xc3\xb3dulo especificado.)) in Unknown on line 0
[Thu Sep 12 17:20:19.802724 2024] [mpm_winnt:notice] [pid 5520:tid 376] AH00354: Child: Starting 64 worker threads.
